<?xml version="1.0" encoding="UTF-8"?>
<!-- Generated by org.testng.reporters.JUnitXMLReporter -->
<testsuite hostname="yash" name="001_TC_VerifySocialFeedFromForum" tests="3" failures="2" timestamp="11 Sep 2019 18:23:53 GMT" time="398.606" errors="0">
  <testcase name="" time="373.819" classname="applicationComponent.Topfan.AndroidAppAc">
    <failure type="org.openqa.selenium.WebDriverException" message="An unknown server-side error occurred while processing the command. Original error: Android bootstrap socket crashed: Error: This socket has been ended by the other party (WARNING: The server did not provide any stacktrace information)
Command duration or timeout: 372.31 seconds
Build info: version: &amp;apos;2.52.0&amp;apos;, revision: &amp;apos;4c2593cfc3689a7fcd7be52549167e5ccc93ad28&amp;apos;, time: &amp;apos;2016-02-11 11:22:43&amp;apos;
System info: host: &amp;apos;yash&amp;apos;, ip: &amp;apos;192.168.1.6&amp;apos;, os.name: &amp;apos;Windows 10&amp;apos;, os.arch: &amp;apos;amd64&amp;apos;, os.version: &amp;apos;10.0&amp;apos;, java.version: &amp;apos;1.8.0_211&amp;apos;
Driver info: io.appium.java_client.android.AndroidDriver
Capabilities [{app=C:\Users\Arya\Downloads\KiwiMobileAutomation\KiwiMobileAutomation\app\selendroid-test-app-0.17.0.apk, appPackage=io.selendroid.testapp, deviceScreenSize=1080x2280, networkConnectionEnabled=true, noReset=true, warnings={}, appWaitPackage=io.selendroid.testapp, appWaitActivity=io.selendroid.testapp.HomeScreenActivity, databaseEnabled=false, deviceName=71cc917d, platform=LINUX, deviceUDID=71cc917d, appActivity=io.selendroid.testapp.HomeScreenActivity, desired={app=C:\Users\Arya\Downloads\KiwiMobileAutomation\KiwiMobileAutomation\app\selendroid-test-app-0.17.0.apk, noReset=true, newCommandTimeout=10000, platformVersion=9, browserName=Motorola, platformName=Android, deviceName=Android}, newCommandTimeout=10000, platformVersion=9, webStorageEnabled=false, locationContextEnabled=false, takesScreenshot=true, browserName=Motorola, javascriptEnabled=true, deviceModel=ONEPLUS A6000, platformName=Android, deviceManufacturer=OnePlus}]
Session ID: 054b15d3-2498-4a85-a231-0a366d4a9007
*** Element info: {Using=xpath, value=//android.view.View[@resource-id=&amp;apos;android:id/statusBarBackground&amp;apos; and @package=&amp;apos;com.topfan.TopFan.TestApp&amp;apos;]}">
      <![CDATA[org.openqa.selenium.WebDriverException: An unknown server-side error occurred while processing the command. Original error: Android bootstrap socket crashed: Error: This socket has been ended by the other party (WARNING: The server did not provide any stacktrace information)
Command duration or timeout: 372.31 seconds
Build info: version: '2.52.0', revision: '4c2593cfc3689a7fcd7be52549167e5ccc93ad28', time: '2016-02-11 11:22:43'
System info: host: 'yash', ip: '192.168.1.6', os.name: 'Windows 10', os.arch: 'amd64', os.version: '10.0', java.version: '1.8.0_211'
Driver info: io.appium.java_client.android.AndroidDriver
Capabilities [{app=C:\Users\Arya\Downloads\KiwiMobileAutomation\KiwiMobileAutomation\app\selendroid-test-app-0.17.0.apk, appPackage=io.selendroid.testapp, deviceScreenSize=1080x2280, networkConnectionEnabled=true, noReset=true, warnings={}, appWaitPackage=io.selendroid.testapp, appWaitActivity=io.selendroid.testapp.HomeScreenActivity, databaseEnabled=false, deviceName=71cc917d, platform=LINUX, deviceUDID=71cc917d, appActivity=io.selendroid.testapp.HomeScreenActivity, desired={app=C:\Users\Arya\Downloads\KiwiMobileAutomation\KiwiMobileAutomation\app\selendroid-test-app-0.17.0.apk, noReset=true, newCommandTimeout=10000, platformVersion=9, browserName=Motorola, platformName=Android, deviceName=Android}, newCommandTimeout=10000, platformVersion=9, webStorageEnabled=false, locationContextEnabled=false, takesScreenshot=true, browserName=Motorola, javascriptEnabled=true, deviceModel=ONEPLUS A6000, platformName=Android, deviceManufacturer=OnePlus}]
Session ID: 054b15d3-2498-4a85-a231-0a366d4a9007
*** Element info: {Using=xpath, value=//android.view.View[@resource-id='android:id/statusBarBackground' and @package='com.topfan.TopFan.TestApp']}
	at org.openqa.selenium.remote.ErrorHandler.createThrowable(ErrorHandler.java:206)
	at org.openqa.selenium.remote.ErrorHandler.throwIfResponseFailed(ErrorHandler.java:158)
	at org.openqa.selenium.remote.RemoteWebDriver.execute(RemoteWebDriver.java:678)
	at io.appium.java_client.DefaultGenericMobileDriver.execute(DefaultGenericMobileDriver.java:51)
	at io.appium.java_client.AppiumDriver.execute(AppiumDriver.java:1)
	at io.appium.java_client.android.AndroidDriver.execute(AndroidDriver.java:1)
	at org.openqa.selenium.remote.RemoteWebDriver.findElement(RemoteWebDriver.java:363)
	at io.appium.java_client.DefaultGenericMobileDriver.findElement(DefaultGenericMobileDriver.java:67)
	at io.appium.java_client.AppiumDriver.findElement(AppiumDriver.java:1)
	at io.appium.java_client.android.AndroidDriver.findElement(AndroidDriver.java:1)
	at org.openqa.selenium.remote.RemoteWebDriver.findElementByXPath(RemoteWebDriver.java:500)
	at io.appium.java_client.DefaultGenericMobileDriver.findElementByXPath(DefaultGenericMobileDriver.java:145)
	at io.appium.java_client.AppiumDriver.findElementByXPath(AppiumDriver.java:1)
	at io.appium.java_client.android.AndroidDriver.findElementByXPath(AndroidDriver.java:1)
	at org.openqa.selenium.By$ByXPath.findElement(By.java:361)
	at org.openqa.selenium.remote.RemoteWebDriver.findElement(RemoteWebDriver.java:355)
	at io.appium.java_client.DefaultGenericMobileDriver.findElement(DefaultGenericMobileDriver.java:63)
	at io.appium.java_client.AppiumDriver.findElement(AppiumDriver.java:1)
	at io.appium.java_client.android.AndroidDriver.findElement(AndroidDriver.java:1)
	at Topfan.Android.AndroidAppLocators.getAppSpecificStatusBar(AndroidAppLocators.java:1471)
	at action.Topfan.AndroidAppAction.launchApp(AndroidAppAction.java:1616)
	at applicationComponent.Topfan.AndroidAppAc.openApplication(AndroidAppAc.java:28)
	at java.util.concurrent.FutureTask.run(Unknown Source)
	at java.util.concurrent.ThreadPoolExecutor.runWorker(Unknown Source)
	at java.util.concurrent.ThreadPoolExecutor$Worker.run(Unknown Source)
	at java.lang.Thread.run(Unknown Source)
... Removed 20 stack frames]]>
    </failure>
  </testcase> <!--  -->
  <testcase name="" time="0.214" classname="applicationComponent.Topfan.AndroidAppAc">
    <failure type="org.openqa.selenium.remote.SessionNotFoundException" message="A session is either terminated or not started (WARNING: The server did not provide any stacktrace information)
Command duration or timeout: 86 milliseconds
Build info: version: &amp;apos;2.52.0&amp;apos;, revision: &amp;apos;4c2593cfc3689a7fcd7be52549167e5ccc93ad28&amp;apos;, time: &amp;apos;2016-02-11 11:22:43&amp;apos;
System info: host: &amp;apos;yash&amp;apos;, ip: &amp;apos;192.168.1.6&amp;apos;, os.name: &amp;apos;Windows 10&amp;apos;, os.arch: &amp;apos;amd64&amp;apos;, os.version: &amp;apos;10.0&amp;apos;, java.version: &amp;apos;1.8.0_211&amp;apos;
Driver info: io.appium.java_client.android.AndroidDriver
Capabilities [{app=C:\Users\Arya\Downloads\KiwiMobileAutomation\KiwiMobileAutomation\app\selendroid-test-app-0.17.0.apk, appPackage=io.selendroid.testapp, deviceScreenSize=1080x2280, networkConnectionEnabled=true, noReset=true, warnings={}, appWaitPackage=io.selendroid.testapp, appWaitActivity=io.selendroid.testapp.HomeScreenActivity, databaseEnabled=false, deviceName=71cc917d, platform=LINUX, deviceUDID=71cc917d, appActivity=io.selendroid.testapp.HomeScreenActivity, desired={app=C:\Users\Arya\Downloads\KiwiMobileAutomation\KiwiMobileAutomation\app\selendroid-test-app-0.17.0.apk, noReset=true, newCommandTimeout=10000, platformVersion=9, browserName=Motorola, platformName=Android, deviceName=Android}, newCommandTimeout=10000, platformVersion=9, webStorageEnabled=false, locationContextEnabled=false, takesScreenshot=true, browserName=Motorola, javascriptEnabled=true, deviceModel=ONEPLUS A6000, platformName=Android, deviceManufacturer=OnePlus}]
Session ID: 054b15d3-2498-4a85-a231-0a366d4a9007">
      <![CDATA[org.openqa.selenium.remote.SessionNotFoundException: A session is either terminated or not started (WARNING: The server did not provide any stacktrace information)
Command duration or timeout: 86 milliseconds
Build info: version: '2.52.0', revision: '4c2593cfc3689a7fcd7be52549167e5ccc93ad28', time: '2016-02-11 11:22:43'
System info: host: 'yash', ip: '192.168.1.6', os.name: 'Windows 10', os.arch: 'amd64', os.version: '10.0', java.version: '1.8.0_211'
Driver info: io.appium.java_client.android.AndroidDriver
Capabilities [{app=C:\Users\Arya\Downloads\KiwiMobileAutomation\KiwiMobileAutomation\app\selendroid-test-app-0.17.0.apk, appPackage=io.selendroid.testapp, deviceScreenSize=1080x2280, networkConnectionEnabled=true, noReset=true, warnings={}, appWaitPackage=io.selendroid.testapp, appWaitActivity=io.selendroid.testapp.HomeScreenActivity, databaseEnabled=false, deviceName=71cc917d, platform=LINUX, deviceUDID=71cc917d, appActivity=io.selendroid.testapp.HomeScreenActivity, desired={app=C:\Users\Arya\Downloads\KiwiMobileAutomation\KiwiMobileAutomation\app\selendroid-test-app-0.17.0.apk, noReset=true, newCommandTimeout=10000, platformVersion=9, browserName=Motorola, platformName=Android, deviceName=Android}, newCommandTimeout=10000, platformVersion=9, webStorageEnabled=false, locationContextEnabled=false, takesScreenshot=true, browserName=Motorola, javascriptEnabled=true, deviceModel=ONEPLUS A6000, platformName=Android, deviceManufacturer=OnePlus}]
Session ID: 054b15d3-2498-4a85-a231-0a366d4a9007
	at org.openqa.selenium.remote.ErrorHandler.createThrowable(ErrorHandler.java:206)
	at org.openqa.selenium.remote.ErrorHandler.throwIfResponseFailed(ErrorHandler.java:164)
	at org.openqa.selenium.remote.RemoteWebDriver.execute(RemoteWebDriver.java:678)
	at io.appium.java_client.DefaultGenericMobileDriver.execute(DefaultGenericMobileDriver.java:51)
	at io.appium.java_client.AppiumDriver.execute(AppiumDriver.java:1)
	at io.appium.java_client.android.AndroidDriver.execute(AndroidDriver.java:1)
	at org.openqa.selenium.remote.RemoteWebDriver$RemoteWebDriverOptions$RemoteTimeouts.implicitlyWait(RemoteWebDriver.java:865)
	at com.utilities.Keywords.waitForPage(Keywords.java:154)
	at Topfan.Android.HomeScreen.isGuestUser(HomeScreen.java:268)
	at action.Topfan.AndroidAppAction.logOut(AndroidAppAction.java:195)
	at applicationComponent.Topfan.AndroidAppAc.verifyForumCommunitySocialFeeds(AndroidAppAc.java:231)
	at java.util.concurrent.FutureTask.run(Unknown Source)
	at java.util.concurrent.ThreadPoolExecutor.runWorker(Unknown Source)
	at java.util.concurrent.ThreadPoolExecutor$Worker.run(Unknown Source)
	at java.lang.Thread.run(Unknown Source)
... Removed 20 stack frames]]>
    </failure>
  </testcase> <!--  -->
  <testcase name="" time="0.099" classname="applicationComponent.Topfan.AndroidAppAc"/>
</testsuite> <!-- 001_TC_VerifySocialFeedFromForum -->
