<?xml version="1.0" encoding="UTF-8"?>
<!-- Generated by org.testng.reporters.JUnitXMLReporter -->
<testsuite hostname="yash" name="002_TC_02" tests="3" failures="0" timestamp="12 Sep 2019 02:46:11 GMT" time="31.201" errors="0">
  <testcase name="" time="3.798" classname="applicationComponent.Topfan.AndroidAppAc"/>
  <testcase name="" time="15.389" classname="applicationComponent.Topfan.AndroidAppAc"/>
  <testcase name="" time="1.622" classname="applicationComponent.Topfan.AndroidAppAc"/>
</testsuite> <!-- 002_TC_02 -->
