<?xml version="1.0" encoding="UTF-8"?>
<!-- Generated by org.testng.reporters.JUnitXMLReporter -->
<testsuite hostname="yash" name="003_TC_03" tests="3" failures="0" timestamp="12 Sep 2019 02:46:42 GMT" time="30.663" errors="0">
  <testcase name="" time="3.189" classname="applicationComponent.Topfan.AndroidAppAc"/>
  <testcase name="" time="14.633" classname="applicationComponent.Topfan.AndroidAppAc"/>
  <testcase name="" time="1.41" classname="applicationComponent.Topfan.AndroidAppAc"/>
</testsuite> <!-- 003_TC_03 -->
