<?xml version="1.0" encoding="UTF-8"?>
<!-- Generated by org.testng.reporters.JUnitXMLReporter -->
<testsuite hostname="yash" name="004_TC_04" tests="3" failures="0" timestamp="12 Sep 2019 02:47:09 GMT" time="27.497" errors="0">
  <testcase name="" time="3.185" classname="applicationComponent.Topfan.AndroidAppAc"/>
  <testcase name="" time="12.411" classname="applicationComponent.Topfan.AndroidAppAc"/>
  <testcase name="" time="1.58" classname="applicationComponent.Topfan.AndroidAppAc"/>
</testsuite> <!-- 004_TC_04 -->
